<?xml version="1.0" encoding="UTF-8"?>
<!-- Generated by org.testng.reporters.JUnitReportReporter -->
<testsuite hostname="muhammad-mu" failures="0" tests="4" name="TestNG.OrangeHRM" time="21.770" errors="0" timestamp="2024-10-15T23:20:37 IST" skipped="0">
  <testcase classname="TestNG.OrangeHRM" name="openapp" time="13.728"/>
  <testcase classname="TestNG.OrangeHRM" name="capturelogo" time="2.180"/>
  <testcase classname="TestNG.OrangeHRM" name="login" time="5.592"/>
  <testcase classname="TestNG.OrangeHRM" name="logout" time="0.270"/>
</testsuite> <!-- TestNG.OrangeHRM -->
